<?xml version="1.0" encoding="UTF-8"?>
<!-- Generated by org.testng.reporters.JUnitReportReporter -->
<testsuite hostname="DESKTOP-I2TR69D" failures="0" tests="2" name="parallelexe.Parallelexec1" time="25.388" errors="0" timestamp="2024-12-06T12:21:11 IST" skipped="0">
  <testcase classname="parallelexe.Parallelexec1" name="pExec" time="16.577"/>
  <system-out/>
  <testcase classname="parallelexe.Parallelexec1" name="pExec" time="8.811"/>
  <system-out/>
</testsuite> <!-- parallelexe.Parallelexec1 -->
