<?xml version="1.0" encoding="UTF-8"?>
<!-- Generated by org.testng.reporters.JUnitReportReporter -->
<testsuite hostname="DESKTOP-I2TR69D" failures="0" tests="1" name="ng.Runner4" time="18.613" errors="0" timestamp="2024-11-29T12:56:03 IST" skipped="0">
  <testcase classname="ng.Runner4" name="run" time="18.613"/>
  <system-out/>
</testsuite> <!-- ng.Runner4 -->
