<?xml version="1.0" encoding="UTF-8"?>
<!-- Generated by org.testng.reporters.JUnitReportReporter -->
<testsuite hostname="DESKTOP-I2TR69D" failures="0" tests="1" name="groups.Groupsexp2" time="16.042" errors="0" timestamp="2024-12-12T12:05:27 IST" skipped="0">
  <testcase classname="groups.Groupsexp2" name="fblogin" time="16.042"/>
  <system-out/>
</testsuite> <!-- groups.Groupsexp2 -->
