<?xml version="1.0" encoding="UTF-8"?>
<!-- Generated by org.testng.reporters.JUnitReportReporter -->
<testsuite hostname="DESKTOP-I2TR69D" failures="0" tests="3" name="dataprovider.Dataprovider" time="69.974" errors="0" timestamp="2024-12-12T19:00:49 IST" skipped="0">
  <testcase classname="dataprovider.Dataprovider" name="launch" time="36.415"/>
  <system-out/>
  <testcase classname="dataprovider.Dataprovider" name="launch" time="15.455"/>
  <system-out/>
  <testcase classname="dataprovider.Dataprovider" name="launch" time="18.104"/>
  <system-out/>
</testsuite> <!-- dataprovider.Dataprovider -->
