<?xml version="1.0" encoding="UTF-8"?>
<!-- Generated by org.testng.reporters.JUnitReportReporter -->
<testsuite hostname="DESKTOP-I2TR69D" failures="0" tests="3" name="threeclass.Threecla" time="0.022" errors="0" timestamp="2024-11-27T12:13:30 IST" skipped="0">
  <testcase classname="threeclass.Threecla" name="hello3" time="0.016"/>
  <system-out>
    <![CDATA[boss]]>
  </system-out>
  <testcase classname="threeclass.Threecla" name="test1" time="0.003"/>
  <system-out>
    <![CDATA[hello]]>
  </system-out>
  <testcase classname="threeclass.Threecla" name="test2" time="0.003"/>
  <system-out>
    <![CDATA[world]]>
  </system-out>
</testsuite> <!-- threeclass.Threecla -->
