<?xml version="1.0" encoding="UTF-8"?>
<!-- Generated by org.testng.reporters.JUnitReportReporter -->
<testsuite hostname="DESKTOP-I2TR69D" failures="0" tests="1" name="runnerScript.Runnerscript1" time="11.385" errors="0" timestamp="2024-12-03T11:21:49 IST" skipped="0">
  <testcase classname="runnerScript.Runnerscript1" name="Validdata" time="11.385"/>
  <system-out/>
</testsuite> <!-- runnerScript.Runnerscript1 -->
