<?xml version="1.0" encoding="UTF-8"?>
<!-- Generated by org.testng.reporters.JUnitReportReporter -->
<testsuite hostname="DESKTOP-I2TR69D" failures="0" tests="1" name="Chromeoption.Disable" time="13.334" errors="0" timestamp="2024-12-17T11:07:48 IST" skipped="0">
  <testcase classname="Chromeoption.Disable" name="dis" time="13.334"/>
  <system-out/>
</testsuite> <!-- Chromeoption.Disable -->
