<?xml version="1.0" encoding="UTF-8"?>
<!-- Generated by org.testng.reporters.JUnitReportReporter -->
<testsuite hostname="DESKTOP-I2TR69D" failures="0" tests="1" name="runnerScript.RunnerScript" time="17.173" errors="0" timestamp="2024-12-02T12:54:29 IST" skipped="0">
  <testcase classname="runnerScript.RunnerScript" name="Validdata" time="17.173"/>
  <system-out/>
</testsuite> <!-- runnerScript.RunnerScript -->
