<?xml version="1.0" encoding="UTF-8"?>
<!-- Generated by org.testng.reporters.JUnitReportReporter -->
<testsuite hostname="DESKTOP-I2TR69D" failures="0" tests="1" name="groups.Groupexp1" time="19.476" errors="0" timestamp="2024-12-12T12:05:27 IST" skipped="0">
  <testcase classname="groups.Groupexp1" name="fblogin1" time="19.476"/>
  <system-out/>
</testsuite> <!-- groups.Groupexp1 -->
