<?xml version="1.0" encoding="UTF-8"?>
<!-- Generated by org.testng.reporters.JUnitReportReporter -->
<testsuite hostname="DESKTOP-I2TR69D" failures="0" tests="1" name="runnerScript.Fliprunner" time="19.742" errors="0" timestamp="2024-12-03T11:51:20 IST" skipped="0">
  <testcase classname="runnerScript.Fliprunner" name="flip" time="19.742"/>
  <system-out/>
</testsuite> <!-- runnerScript.Fliprunner -->
