<?xml version="1.0" encoding="UTF-8"?>
<!-- Generated by org.testng.reporters.JUnitReportReporter -->
<testsuite hostname="DESKTOP-I2TR69D" failures="0" tests="2" name="qsp.Script1framework" time="0.023" errors="0" timestamp="2024-11-27T12:34:30 IST" skipped="0">
  <testcase classname="qsp.Script1framework" name="test2" time="0.003"/>
  <system-out>
    <![CDATA[world]]>
  </system-out>
  <testcase classname="qsp.Script1framework" name="test1" time="0.020"/>
  <system-out>
    <![CDATA[hello]]>
  </system-out>
</testsuite> <!-- qsp.Script1framework -->
