<?xml version="1.0" encoding="UTF-8"?>
<!-- Generated by org.testng.reporters.JUnitReportReporter -->
<testsuite hostname="DESKTOP-I2TR69D" failures="0" tests="1" name="regression.Windo" time="11.158" errors="0" timestamp="2024-11-27T12:34:30 IST" skipped="0">
  <testcase classname="regression.Windo" name="test" time="11.158"/>
  <system-out/>
</testsuite> <!-- regression.Windo -->
